Build started 8/10/2016 6:17:52 PM.
     1>Project "C:\Users\mattt\Desktop\Matt\BIT\Year 2\Prog 4\IN628tuckmn1\RogueLike\RogueLike\RogueLike.vcxproj" on node 2 (Build target(s)).
     1>ClCompile:
         M:\Visual Studio\VC\bin\CL.exe /c /AI"C:\Program Files (x86)\Reference Assemblies\Microsoft\Framework\.NETFramework\v4.5\\" /AI"C:\Program Files (x86)\Windows Kits\8.1\References\CommonConfiguration\Neutral" /AI"C:\Program Files (x86)\Reference Assemblies\Microsoft\Framework\.NETFramework\v4.5\Facades\\" /Zi /clr /nologo /W3 /WX- /Od /Oy- /D WIN32 /D _DEBUG /D _UNICODE /D UNICODE /EHa /MDd /GS /fp:precise /Zc:wchar_t /Zc:forScope /Fo"Debug\\" /Fd"Debug\vc120.pdb" /TP /FU"C:\Program Files (x86)\Reference Assemblies\Microsoft\Framework\.NETFramework\v4.5\mscorlib.dll" /FU"C:\Program Files (x86)\Reference Assemblies\Microsoft\Framework\.NETFramework\v4.5\System.Data.dll" /FU"C:\Program Files (x86)\Reference Assemblies\Microsoft\Framework\.NETFramework\v4.5\System.dll" /FU"C:\Program Files (x86)\Reference Assemblies\Microsoft\Framework\.NETFramework\v4.5\System.Drawing.dll" /FU"C:\Program Files (x86)\Reference Assemblies\Microsoft\Framework\.NETFramework\v4.5\System.Windows.Forms.dll" /FU"C:\Program Files (x86)\Reference Assemblies\Microsoft\Framework\.NETFramework\v4.5\System.Xml.dll" /analyze- /errorReport:prompt /clr:nostdlib GameManager.cpp SpriteList.cpp
         GameManager.cpp
         SpriteList.cpp
         Generating Code...
       Link:
         M:\Visual Studio\VC\bin\link.exe /ERRORREPORT:PROMPT /OUT:"C:\Users\mattt\Desktop\Matt\BIT\Year 2\Prog 4\IN628tuckmn1\RogueLike\Debug\RogueLike.exe" /INCREMENTAL /NOLOGO /ASSEMBLYRESOURCE:Debug\RogueLike.MyForm.resources /MANIFEST /MANIFESTUAC:"level='asInvoker' uiAccess='false'" /manifest:embed /DEBUG /PDB:"C:\Users\mattt\Desktop\Matt\BIT\Year 2\Prog 4\IN628tuckmn1\RogueLike\Debug\RogueLike.pdb" /ASSEMBLYDEBUG /SUBSYSTEM:WINDOWS /TLBID:1 /ENTRY:"Main" /DYNAMICBASE /FIXED:NO /NXCOMPAT /MACHINE:X86 Debug\Cell.obj
         Debug\Dungeon.obj
         Debug\GameManager.obj
         Debug\Hero.obj
         Debug\Item.obj
         Debug\Monster.obj
         Debug\MyForm.obj
         Debug\Room.obj
         Debug\Sprite.obj
         Debug\SpriteList.obj
         Debug\Tile.obj
         Debug\TileList.obj
         Debug\Tilemap.obj
         "Debug\.NETFramework,Version=v4.5.AssemblyAttributes.obj"
         RogueLike.vcxproj -> C:\Users\mattt\Desktop\Matt\BIT\Year 2\Prog 4\IN628tuckmn1\RogueLike\Debug\RogueLike.exe
     1>Done Building Project "C:\Users\mattt\Desktop\Matt\BIT\Year 2\Prog 4\IN628tuckmn1\RogueLike\RogueLike\RogueLike.vcxproj" (Build target(s)).

Build succeeded.

Time Elapsed 00:00:01.56
